<?xml version="1.0" encoding="UTF-8"?>
<testng-results ignored="0" total="1" passed="1" failed="0" skipped="0">
  <reporter-output>
  </reporter-output>
  <suite started-at="2022-01-25T16:16:37 IST" name="Default suite" finished-at="2022-01-25T16:16:37 IST" duration-ms="85">
    <groups>
    </groups>
    <test started-at="2022-01-25T16:16:37 IST" name="Default test" finished-at="2022-01-25T16:16:37 IST" duration-ms="85">
      <class name="createContact.contactTest">
        <test-method signature="createContact()[pri:0, instance:createContact.contactTest@6c779568]" started-at="2022-01-25T16:16:37 IST" name="createContact" finished-at="2022-01-25T16:16:37 IST" duration-ms="11" status="PASS">
          <reporter-output>
          </reporter-output>
        </test-method> <!-- createContact -->
      </class> <!-- createContact.contactTest -->
    </test> <!-- Default test -->
  </suite> <!-- Default suite -->
</testng-results>
