<?xml version="1.0" encoding="UTF-8"?>
<testng-results ignored="0" total="1" passed="1" failed="0" skipped="0">
  <reporter-output>
  </reporter-output>
  <suite started-at="2022-01-25T15:13:40 IST" name="Default suite" finished-at="2022-01-25T15:13:57 IST" duration-ms="16511">
    <groups>
      <group name="Smoke Test">
        <method signature="Tc1.tc1()[pri:0, instance:scripts.Tc1@10163d6]" name="tc1" class="scripts.Tc1"/>
      </group> <!-- Smoke Test -->
    </groups>
    <test started-at="2022-01-25T15:13:40 IST" name="Default test" finished-at="2022-01-25T15:13:57 IST" duration-ms="16511">
      <class name="scripts.Tc1">
        <test-method is-config="true" signature="openApp()[pri:0, instance:scripts.Tc1@10163d6]" started-at="2022-01-25T15:13:40 IST" name="openApp" finished-at="2022-01-25T15:13:46 IST" duration-ms="5799" status="PASS">
          <reporter-output>
          </reporter-output>
        </test-method> <!-- openApp -->
        <test-method signature="tc1()[pri:0, instance:scripts.Tc1@10163d6]" started-at="2022-01-25T15:13:46 IST" name="tc1" finished-at="2022-01-25T15:13:56 IST" duration-ms="10244" status="PASS">
          <reporter-output>
          </reporter-output>
        </test-method> <!-- tc1 -->
        <test-method is-config="true" signature="closeApp(org.testng.ITestResult)[pri:0, instance:scripts.Tc1@10163d6]" started-at="2022-01-25T15:13:56 IST" name="closeApp" finished-at="2022-01-25T15:13:57 IST" duration-ms="408" status="PASS">
          <params>
            <param index="0">
              <value>
                <![CDATA[[TestResult name=tc1 status=SUCCESS method=Tc1.tc1()[pri:0, instance:scripts.Tc1@10163d6] output={null}]]]>
              </value>
            </param>
          </params>
          <reporter-output>
          </reporter-output>
        </test-method> <!-- closeApp -->
      </class> <!-- scripts.Tc1 -->
    </test> <!-- Default test -->
  </suite> <!-- Default suite -->
</testng-results>
